mode: count
github.com/algol-84/chat-server/internal/api/chat/create.go:14.109,16.16 2 0
github.com/algol-84/chat-server/internal/api/chat/create.go:16.16,18.3 1 0
github.com/algol-84/chat-server/internal/api/chat/create.go:20.2,22.8 1 0
github.com/algol-84/chat-server/internal/api/chat/delete.go:14.103,16.16 2 0
github.com/algol-84/chat-server/internal/api/chat/delete.go:16.16,18.3 1 0
github.com/algol-84/chat-server/internal/api/chat/delete.go:20.2,20.30 1 0
github.com/algol-84/chat-server/internal/api/chat/service.go:15.73,19.2 1 0
github.com/algol-84/chat-server/internal/api/chat/create.go:14.109,16.16 2 10
github.com/algol-84/chat-server/internal/api/chat/create.go:16.16,18.3 1 5
github.com/algol-84/chat-server/internal/api/chat/create.go:20.2,22.8 1 5
github.com/algol-84/chat-server/internal/api/chat/delete.go:14.103,16.16 2 10
github.com/algol-84/chat-server/internal/api/chat/delete.go:16.16,18.3 1 5
github.com/algol-84/chat-server/internal/api/chat/delete.go:20.2,20.30 1 5
github.com/algol-84/chat-server/internal/api/chat/service.go:15.73,19.2 1 20
github.com/algol-84/chat-server/internal/service/chat/create.go:9.80,11.18 2 0
github.com/algol-84/chat-server/internal/service/chat/create.go:11.18,13.3 1 0
github.com/algol-84/chat-server/internal/service/chat/create.go:15.2,15.16 1 0
github.com/algol-84/chat-server/internal/service/chat/delete.go:7.63,9.18 2 0
github.com/algol-84/chat-server/internal/service/chat/delete.go:9.18,11.3 1 0
github.com/algol-84/chat-server/internal/service/chat/delete.go:13.2,13.14 1 0
github.com/algol-84/chat-server/internal/service/chat/service.go:13.75,17.2 1 0
github.com/algol-84/chat-server/internal/service/chat/service.go:19.58,22.25 2 0
github.com/algol-84/chat-server/internal/service/chat/service.go:22.25,23.24 1 0
github.com/algol-84/chat-server/internal/service/chat/service.go:24.34,25.26 1 0
github.com/algol-84/chat-server/internal/service/chat/service.go:29.2,29.13 1 0
github.com/algol-84/chat-server/internal/service/chat/create.go:9.80,11.18 2 0
github.com/algol-84/chat-server/internal/service/chat/create.go:11.18,13.3 1 0
github.com/algol-84/chat-server/internal/service/chat/create.go:15.2,15.16 1 0
github.com/algol-84/chat-server/internal/service/chat/delete.go:7.63,9.18 2 0
github.com/algol-84/chat-server/internal/service/chat/delete.go:9.18,11.3 1 0
github.com/algol-84/chat-server/internal/service/chat/delete.go:13.2,13.14 1 0
github.com/algol-84/chat-server/internal/service/chat/service.go:13.75,17.2 1 0
github.com/algol-84/chat-server/internal/service/chat/service.go:19.58,22.25 2 0
github.com/algol-84/chat-server/internal/service/chat/service.go:22.25,23.24 1 0
github.com/algol-84/chat-server/internal/service/chat/service.go:24.34,25.26 1 0
github.com/algol-84/chat-server/internal/service/chat/service.go:29.2,29.13 1 0
github.com/algol-84/chat-server/internal/api/chat/create.go:14.109,16.16 2 0
github.com/algol-84/chat-server/internal/api/chat/create.go:16.16,18.3 1 0
github.com/algol-84/chat-server/internal/api/chat/create.go:20.2,22.8 1 0
github.com/algol-84/chat-server/internal/api/chat/delete.go:14.103,16.16 2 0
github.com/algol-84/chat-server/internal/api/chat/delete.go:16.16,18.3 1 0
github.com/algol-84/chat-server/internal/api/chat/delete.go:20.2,20.30 1 0
github.com/algol-84/chat-server/internal/api/chat/service.go:15.73,19.2 1 0
github.com/algol-84/chat-server/internal/service/chat/create.go:9.80,11.18 2 10
github.com/algol-84/chat-server/internal/service/chat/create.go:11.18,13.3 1 5
github.com/algol-84/chat-server/internal/service/chat/create.go:15.2,15.16 1 5
github.com/algol-84/chat-server/internal/service/chat/delete.go:7.63,9.18 2 10
github.com/algol-84/chat-server/internal/service/chat/delete.go:9.18,11.3 1 5
github.com/algol-84/chat-server/internal/service/chat/delete.go:13.2,13.14 1 5
github.com/algol-84/chat-server/internal/service/chat/service.go:13.75,17.2 1 0
github.com/algol-84/chat-server/internal/service/chat/service.go:19.58,22.25 2 20
github.com/algol-84/chat-server/internal/service/chat/service.go:22.25,23.24 1 20
github.com/algol-84/chat-server/internal/service/chat/service.go:24.34,25.26 1 20
github.com/algol-84/chat-server/internal/service/chat/service.go:29.2,29.13 1 20
